<?xml version="1.0" encoding="UTF-8"?>
<!-- Generated by org.testng.reporters.JUnitXMLReporter -->
<testsuite ignored="0" hostname="alonso" failures="0" tests="4" name="Surefire test" time="0.042" errors="0" timestamp="2020-12-23T11:58:47 PET">
  <testcase classname="BlockudokuTest" name="testCheck1" time="0.022"/>
  <testcase classname="BlockudokuTest" name="testCheck2" time="0.0"/>
  <testcase classname="BlockudokuTest" name="testInsertA" time="0.0"/>
  <testcase classname="BlockudokuTest" name="testgenerateboard" time="0.0"/>
</testsuite> <!-- Surefire test -->
