<?xml version="1.0" encoding="UTF-8"?>
<testng-results ignored="0" total="4" passed="4" failed="0" skipped="0">
  <reporter-output>
  </reporter-output>
  <suite started-at="2020-12-23T13:18:33 PET" name="Surefire suite" finished-at="2020-12-23T13:18:33 PET" duration-ms="42">
    <groups>
    </groups>
    <test started-at="2020-12-23T13:18:33 PET" name="Surefire test" finished-at="2020-12-23T13:18:33 PET" duration-ms="42">
      <class name="finalexam.BlockudokuTest">
        <test-method signature="testCheck1()[pri:0, instance:finalexam.BlockudokuTest@184f6be2]" started-at="2020-12-23T13:18:33 PET" name="testCheck1" finished-at="2020-12-23T13:18:33 PET" duration-ms="22" status="PASS">
          <reporter-output>
          </reporter-output>
        </test-method> <!-- testCheck1 -->
        <test-method signature="testInsertA()[pri:0, instance:finalexam.BlockudokuTest@184f6be2]" started-at="2020-12-23T13:18:33 PET" name="testInsertA" finished-at="2020-12-23T13:18:33 PET" duration-ms="1" status="PASS">
          <reporter-output>
          </reporter-output>
        </test-method> <!-- testInsertA -->
        <test-method signature="testCheck2()[pri:0, instance:finalexam.BlockudokuTest@184f6be2]" started-at="2020-12-23T13:18:33 PET" name="testCheck2" finished-at="2020-12-23T13:18:33 PET" duration-ms="0" status="PASS">
          <reporter-output>
          </reporter-output>
        </test-method> <!-- testCheck2 -->
        <test-method signature="testgenerateboard()[pri:0, instance:finalexam.BlockudokuTest@184f6be2]" started-at="2020-12-23T13:18:33 PET" name="testgenerateboard" finished-at="2020-12-23T13:18:33 PET" duration-ms="0" status="PASS">
          <reporter-output>
          </reporter-output>
        </test-method> <!-- testgenerateboard -->
      </class> <!-- finalexam.BlockudokuTest -->
    </test> <!-- Surefire test -->
  </suite> <!-- Surefire suite -->
</testng-results>
