<?xml version="1.0" encoding="UTF-8"?>
<testng-results ignored="0" total="11" passed="11" failed="0" skipped="0">
  <reporter-output>
  </reporter-output>
  <suite started-at="2020-12-23T13:37:33 PET" name="Surefire suite" finished-at="2020-12-23T13:37:33 PET" duration-ms="44">
    <groups>
    </groups>
    <test started-at="2020-12-23T13:37:33 PET" name="Surefire test" finished-at="2020-12-23T13:37:33 PET" duration-ms="44">
      <class name="finalexam.BlockudokuTest">
        <test-method signature="testCheck1()[pri:0, instance:finalexam.BlockudokuTest@1d29cf23]" started-at="2020-12-23T13:37:33 PET" name="testCheck1" finished-at="2020-12-23T13:37:33 PET" duration-ms="22" status="PASS">
          <reporter-output>
          </reporter-output>
        </test-method> <!-- testCheck1 -->
        <test-method signature="testCheck2()[pri:0, instance:finalexam.BlockudokuTest@1d29cf23]" started-at="2020-12-23T13:37:33 PET" name="testCheck2" finished-at="2020-12-23T13:37:33 PET" duration-ms="0" status="PASS">
          <reporter-output>
          </reporter-output>
        </test-method> <!-- testCheck2 -->
        <test-method signature="testInsertA()[pri:0, instance:finalexam.BlockudokuTest@1d29cf23]" started-at="2020-12-23T13:37:33 PET" name="testInsertA" finished-at="2020-12-23T13:37:33 PET" duration-ms="0" status="PASS">
          <reporter-output>
          </reporter-output>
        </test-method> <!-- testInsertA -->
        <test-method signature="testInsertB()[pri:0, instance:finalexam.BlockudokuTest@1d29cf23]" started-at="2020-12-23T13:37:33 PET" name="testInsertB" finished-at="2020-12-23T13:37:33 PET" duration-ms="0" status="PASS">
          <reporter-output>
          </reporter-output>
        </test-method> <!-- testInsertB -->
        <test-method signature="testInsertC()[pri:0, instance:finalexam.BlockudokuTest@1d29cf23]" started-at="2020-12-23T13:37:33 PET" name="testInsertC" finished-at="2020-12-23T13:37:33 PET" duration-ms="0" status="PASS">
          <reporter-output>
          </reporter-output>
        </test-method> <!-- testInsertC -->
        <test-method signature="testInsertD()[pri:0, instance:finalexam.BlockudokuTest@1d29cf23]" started-at="2020-12-23T13:37:33 PET" name="testInsertD" finished-at="2020-12-23T13:37:33 PET" duration-ms="0" status="PASS">
          <reporter-output>
          </reporter-output>
        </test-method> <!-- testInsertD -->
        <test-method signature="testInsertE()[pri:0, instance:finalexam.BlockudokuTest@1d29cf23]" started-at="2020-12-23T13:37:33 PET" name="testInsertE" finished-at="2020-12-23T13:37:33 PET" duration-ms="0" status="PASS">
          <reporter-output>
          </reporter-output>
        </test-method> <!-- testInsertE -->
        <test-method signature="testInsertH()[pri:0, instance:finalexam.BlockudokuTest@1d29cf23]" started-at="2020-12-23T13:37:33 PET" name="testInsertH" finished-at="2020-12-23T13:37:33 PET" duration-ms="0" status="PASS">
          <reporter-output>
          </reporter-output>
        </test-method> <!-- testInsertH -->
        <test-method signature="testInsertG()[pri:0, instance:finalexam.BlockudokuTest@1d29cf23]" started-at="2020-12-23T13:37:33 PET" name="testInsertG" finished-at="2020-12-23T13:37:33 PET" duration-ms="0" status="PASS">
          <reporter-output>
          </reporter-output>
        </test-method> <!-- testInsertG -->
        <test-method signature="testInsertF()[pri:0, instance:finalexam.BlockudokuTest@1d29cf23]" started-at="2020-12-23T13:37:33 PET" name="testInsertF" finished-at="2020-12-23T13:37:33 PET" duration-ms="0" status="PASS">
          <reporter-output>
          </reporter-output>
        </test-method> <!-- testInsertF -->
        <test-method signature="testgenerateboard()[pri:0, instance:finalexam.BlockudokuTest@1d29cf23]" started-at="2020-12-23T13:37:33 PET" name="testgenerateboard" finished-at="2020-12-23T13:37:33 PET" duration-ms="0" status="PASS">
          <reporter-output>
          </reporter-output>
        </test-method> <!-- testgenerateboard -->
      </class> <!-- finalexam.BlockudokuTest -->
    </test> <!-- Surefire test -->
  </suite> <!-- Surefire suite -->
</testng-results>
